run_time,horizon,error_type,error_msg
2019-03-10 07:00,1,ValueError_after_retries,
No index file was found for None
Download the full file first (with `H.download()`).
You will need to remake the Herbie object (H = `Herbie()`)
or delete this cached property: `del H.index_as_dataframe()`
2019-03-10 07:00,2,ValueError_after_retries,
No index file was found for None
Download the full file first (with `H.download()`).
You will need to remake the Herbie object (H = `Herbie()`)
or delete this cached property: `del H.index_as_dataframe()`
2019-03-10 07:00,3,ValueError_after_retries,
No index file was found for None
Download the full file first (with `H.download()`).
You will need to remake the Herbie object (H = `Herbie()`)
or delete this cached property: `del H.index_as_dataframe()`
2019-03-10 07:00,6,ValueError_after_retries,
No index file was found for None
Download the full file first (with `H.download()`).
You will need to remake the Herbie object (H = `Herbie()`)
or delete this cached property: `del H.index_as_dataframe()`
2019-03-10 07:00,5,ValueError_after_retries,
No index file was found for None
Download the full file first (with `H.download()`).
You will need to remake the Herbie object (H = `Herbie()`)
or delete this cached property: `del H.index_as_dataframe()`
2019-03-10 07:00,4,ValueError_after_retries,
No index file was found for None
Download the full file first (with `H.download()`).
You will need to remake the Herbie object (H = `Herbie()`)
or delete this cached property: `del H.index_as_dataframe()`
2019-03-10 07:00,7,ValueError_after_retries,
No index file was found for None
Download the full file first (with `H.download()`).
You will need to remake the Herbie object (H = `Herbie()`)
or delete this cached property: `del H.index_as_dataframe()`
2019-03-10 07:00,10,ValueError_after_retries,
No index file was found for None
Download the full file first (with `H.download()`).
You will need to remake the Herbie object (H = `Herbie()`)
or delete this cached property: `del H.index_as_dataframe()`
2019-03-10 07:00,8,ValueError_after_retries,
No index file was found for None
Download the full file first (with `H.download()`).
You will need to remake the Herbie object (H = `Herbie()`)
or delete this cached property: `del H.index_as_dataframe()`
2019-03-10 07:00,9,ValueError_after_retries,
No index file was found for None
Download the full file first (with `H.download()`).
You will need to remake the Herbie object (H = `Herbie()`)
or delete this cached property: `del H.index_as_dataframe()`
2019-03-10 07:00,12,ValueError_after_retries,
No index file was found for None
Download the full file first (with `H.download()`).
You will need to remake the Herbie object (H = `Herbie()`)
or delete this cached property: `del H.index_as_dataframe()`
2019-03-10 07:00,11,ValueError_after_retries,
No index file was found for None
Download the full file first (with `H.download()`).
You will need to remake the Herbie object (H = `Herbie()`)
or delete this cached property: `del H.index_as_dataframe()`
2019-03-10 13:00,2,ValueError_after_retries,
No index file was found for None
Download the full file first (with `H.download()`).
You will need to remake the Herbie object (H = `Herbie()`)
or delete this cached property: `del H.index_as_dataframe()`
2019-03-10 13:00,3,ValueError_after_retries,
No index file was found for None
Download the full file first (with `H.download()`).
You will need to remake the Herbie object (H = `Herbie()`)
or delete this cached property: `del H.index_as_dataframe()`
2019-03-10 13:00,1,ValueError_after_retries,
No index file was found for None
Download the full file first (with `H.download()`).
You will need to remake the Herbie object (H = `Herbie()`)
or delete this cached property: `del H.index_as_dataframe()`
2019-03-10 13:00,5,ValueError_after_retries,
No index file was found for None
Download the full file first (with `H.download()`).
You will need to remake the Herbie object (H = `Herbie()`)
or delete this cached property: `del H.index_as_dataframe()`
2019-03-10 13:00,12,ValueError_after_retries,
No index file was found for None
Download the full file first (with `H.download()`).
You will need to remake the Herbie object (H = `Herbie()`)
or delete this cached property: `del H.index_as_dataframe()`
2019-03-10 13:00,7,ValueError_after_retries,
No index file was found for None
Download the full file first (with `H.download()`).
You will need to remake the Herbie object (H = `Herbie()`)
or delete this cached property: `del H.index_as_dataframe()`
2019-03-10 14:00,1,ValueError_after_retries,
No index file was found for None
Download the full file first (with `H.download()`).
You will need to remake the Herbie object (H = `Herbie()`)
or delete this cached property: `del H.index_as_dataframe()`
2019-03-10 13:00,4,ValueError_after_retries,
No index file was found for None
Download the full file first (with `H.download()`).
You will need to remake the Herbie object (H = `Herbie()`)
or delete this cached property: `del H.index_as_dataframe()`
2019-03-10 13:00,10,ValueError_after_retries,
No index file was found for None
Download the full file first (with `H.download()`).
You will need to remake the Herbie object (H = `Herbie()`)
or delete this cached property: `del H.index_as_dataframe()`
2019-03-10 14:00,4,ValueError_after_retries,
No index file was found for None
Download the full file first (with `H.download()`).
You will need to remake the Herbie object (H = `Herbie()`)
or delete this cached property: `del H.index_as_dataframe()`
2019-03-10 13:00,11,ValueError_after_retries,
No index file was found for None
Download the full file first (with `H.download()`).
You will need to remake the Herbie object (H = `Herbie()`)
or delete this cached property: `del H.index_as_dataframe()`
2019-03-10 13:00,6,ValueError_after_retries,
No index file was found for None
Download the full file first (with `H.download()`).
You will need to remake the Herbie object (H = `Herbie()`)
or delete this cached property: `del H.index_as_dataframe()`
2019-03-10 13:00,9,ValueError_after_retries,
No index file was found for None
Download the full file first (with `H.download()`).
You will need to remake the Herbie object (H = `Herbie()`)
or delete this cached property: `del H.index_as_dataframe()`
2019-03-10 14:00,2,ValueError_after_retries,
No index file was found for None
Download the full file first (with `H.download()`).
You will need to remake the Herbie object (H = `Herbie()`)
or delete this cached property: `del H.index_as_dataframe()`
2019-03-10 13:00,8,ValueError_after_retries,
No index file was found for None
Download the full file first (with `H.download()`).
You will need to remake the Herbie object (H = `Herbie()`)
or delete this cached property: `del H.index_as_dataframe()`
2019-03-10 14:00,3,ValueError_after_retries,
No index file was found for None
Download the full file first (with `H.download()`).
You will need to remake the Herbie object (H = `Herbie()`)
or delete this cached property: `del H.index_as_dataframe()`
2019-03-10 14:00,7,ValueError_after_retries,
No index file was found for None
Download the full file first (with `H.download()`).
You will need to remake the Herbie object (H = `Herbie()`)
or delete this cached property: `del H.index_as_dataframe()`
2019-03-10 14:00,6,ValueError_after_retries,
No index file was found for None
Download the full file first (with `H.download()`).
You will need to remake the Herbie object (H = `Herbie()`)
or delete this cached property: `del H.index_as_dataframe()`
2019-03-10 14:00,8,ValueError_after_retries,
No index file was found for None
Download the full file first (with `H.download()`).
You will need to remake the Herbie object (H = `Herbie()`)
or delete this cached property: `del H.index_as_dataframe()`
2019-03-10 14:00,5,ValueError_after_retries,
No index file was found for None
Download the full file first (with `H.download()`).
You will need to remake the Herbie object (H = `Herbie()`)
or delete this cached property: `del H.index_as_dataframe()`
2019-03-10 14:00,10,ValueError_after_retries,
No index file was found for None
Download the full file first (with `H.download()`).
You will need to remake the Herbie object (H = `Herbie()`)
or delete this cached property: `del H.index_as_dataframe()`
2019-03-10 14:00,11,ValueError_after_retries,
No index file was found for None
Download the full file first (with `H.download()`).
You will need to remake the Herbie object (H = `Herbie()`)
or delete this cached property: `del H.index_as_dataframe()`
2019-03-10 14:00,12,ValueError_after_retries,
No index file was found for None
Download the full file first (with `H.download()`).
You will need to remake the Herbie object (H = `Herbie()`)
or delete this cached property: `del H.index_as_dataframe()`
2019-03-10 14:00,9,ValueError_after_retries,
No index file was found for None
Download the full file first (with `H.download()`).
You will need to remake the Herbie object (H = `Herbie()`)
or delete this cached property: `del H.index_as_dataframe()`
2019-03-11 12:00,9,KeyError_after_retries,'href'
2019-03-11 12:00,8,ValueError_after_retries,
No index file was found for None
Download the full file first (with `H.download()`).
You will need to remake the Herbie object (H = `Herbie()`)
or delete this cached property: `del H.index_as_dataframe()`
2019-03-11 12:00,11,ValueError_after_retries,
No index file was found for None
Download the full file first (with `H.download()`).
You will need to remake the Herbie object (H = `Herbie()`)
or delete this cached property: `del H.index_as_dataframe()`
2019-03-11 12:00,10,ValueError_after_retries,
No index file was found for None
Download the full file first (with `H.download()`).
You will need to remake the Herbie object (H = `Herbie()`)
or delete this cached property: `del H.index_as_dataframe()`
2019-03-11 12:00,12,ValueError_after_retries,
No index file was found for None
Download the full file first (with `H.download()`).
You will need to remake the Herbie object (H = `Herbie()`)
or delete this cached property: `del H.index_as_dataframe()`
2019-03-12 05:00,4,missing_variables,dswrf,tcc
2019-03-12 05:00,11,missing_variables,dswrf
2019-05-04 14:00,1,ValueError_after_retries,
No index file was found for None
Download the full file first (with `H.download()`).
You will need to remake the Herbie object (H = `Herbie()`)
or delete this cached property: `del H.index_as_dataframe()`
2019-05-04 14:00,2,ValueError_after_retries,
No index file was found for None
Download the full file first (with `H.download()`).
You will need to remake the Herbie object (H = `Herbie()`)
or delete this cached property: `del H.index_as_dataframe()`
2019-05-04 14:00,10,ValueError_after_retries,
No index file was found for None
Download the full file first (with `H.download()`).
You will need to remake the Herbie object (H = `Herbie()`)
or delete this cached property: `del H.index_as_dataframe()`
2019-05-04 14:00,7,ValueError_after_retries,
No index file was found for None
Download the full file first (with `H.download()`).
You will need to remake the Herbie object (H = `Herbie()`)
or delete this cached property: `del H.index_as_dataframe()`
2019-05-04 14:00,5,ValueError_after_retries,
No index file was found for None
Download the full file first (with `H.download()`).
You will need to remake the Herbie object (H = `Herbie()`)
or delete this cached property: `del H.index_as_dataframe()`
2019-05-04 14:00,3,ValueError_after_retries,
No index file was found for None
Download the full file first (with `H.download()`).
You will need to remake the Herbie object (H = `Herbie()`)
or delete this cached property: `del H.index_as_dataframe()`
2019-05-04 14:00,4,ValueError_after_retries,
No index file was found for None
Download the full file first (with `H.download()`).
You will need to remake the Herbie object (H = `Herbie()`)
or delete this cached property: `del H.index_as_dataframe()`
2019-05-04 14:00,8,ValueError_after_retries,
No index file was found for None
Download the full file first (with `H.download()`).
You will need to remake the Herbie object (H = `Herbie()`)
or delete this cached property: `del H.index_as_dataframe()`
2019-05-04 14:00,6,ValueError_after_retries,
No index file was found for None
Download the full file first (with `H.download()`).
You will need to remake the Herbie object (H = `Herbie()`)
or delete this cached property: `del H.index_as_dataframe()`
2019-05-04 14:00,11,ValueError_after_retries,
No index file was found for None
Download the full file first (with `H.download()`).
You will need to remake the Herbie object (H = `Herbie()`)
or delete this cached property: `del H.index_as_dataframe()`
2019-05-04 14:00,9,ValueError_after_retries,
No index file was found for None
Download the full file first (with `H.download()`).
You will need to remake the Herbie object (H = `Herbie()`)
or delete this cached property: `del H.index_as_dataframe()`
2019-05-04 14:00,12,ValueError_after_retries,
No index file was found for None
Download the full file first (with `H.download()`).
You will need to remake the Herbie object (H = `Herbie()`)
or delete this cached property: `del H.index_as_dataframe()`
2019-05-04 22:00,3,ValueError_after_retries,
No index file was found for None
Download the full file first (with `H.download()`).
You will need to remake the Herbie object (H = `Herbie()`)
or delete this cached property: `del H.index_as_dataframe()`
2019-05-04 22:00,9,ValueError_after_retries,
No index file was found for None
Download the full file first (with `H.download()`).
You will need to remake the Herbie object (H = `Herbie()`)
or delete this cached property: `del H.index_as_dataframe()`
2019-05-04 22:00,2,ValueError_after_retries,
No index file was found for None
Download the full file first (with `H.download()`).
You will need to remake the Herbie object (H = `Herbie()`)
or delete this cached property: `del H.index_as_dataframe()`
2019-05-04 22:00,11,ValueError_after_retries,
No index file was found for None
Download the full file first (with `H.download()`).
You will need to remake the Herbie object (H = `Herbie()`)
or delete this cached property: `del H.index_as_dataframe()`
2019-05-04 22:00,7,ValueError_after_retries,
No index file was found for None
Download the full file first (with `H.download()`).
You will need to remake the Herbie object (H = `Herbie()`)
or delete this cached property: `del H.index_as_dataframe()`
2019-05-04 22:00,10,ValueError_after_retries,
No index file was found for None
Download the full file first (with `H.download()`).
You will need to remake the Herbie object (H = `Herbie()`)
or delete this cached property: `del H.index_as_dataframe()`
2019-05-04 22:00,6,ValueError_after_retries,
No index file was found for None
Download the full file first (with `H.download()`).
You will need to remake the Herbie object (H = `Herbie()`)
or delete this cached property: `del H.index_as_dataframe()`
2019-05-04 22:00,1,ValueError_after_retries,
No index file was found for None
Download the full file first (with `H.download()`).
You will need to remake the Herbie object (H = `Herbie()`)
or delete this cached property: `del H.index_as_dataframe()`
2019-05-04 22:00,4,ValueError_after_retries,
No index file was found for None
Download the full file first (with `H.download()`).
You will need to remake the Herbie object (H = `Herbie()`)
or delete this cached property: `del H.index_as_dataframe()`
2019-05-04 22:00,12,ValueError_after_retries,
No index file was found for None
Download the full file first (with `H.download()`).
You will need to remake the Herbie object (H = `Herbie()`)
or delete this cached property: `del H.index_as_dataframe()`
2019-05-04 22:00,8,ValueError_after_retries,
No index file was found for None
Download the full file first (with `H.download()`).
You will need to remake the Herbie object (H = `Herbie()`)
or delete this cached property: `del H.index_as_dataframe()`
2019-05-04 22:00,5,ValueError_after_retries,
No index file was found for None
Download the full file first (with `H.download()`).
You will need to remake the Herbie object (H = `Herbie()`)
or delete this cached property: `del H.index_as_dataframe()`
2019-05-15 12:00,7,missing_variables,dswrf
2019-11-22 16:00,2,FileNotFound,[Errno 2] No such file or directory: '/home/ec2-user/data/hrrr/20191122/subset_cd211500__hrrr.t16z.wrfsfcf02.grib2'
2019-11-22 16:00,9,FileNotFound,[Errno 2] No such file or directory: '/home/ec2-user/data/hrrr/20191122/subset_cd9e1500__hrrr.t16z.wrfsfcf09.grib2'
2019-11-22 17:00,1,FileNotFound,[Errno 2] No such file or directory: '/home/ec2-user/data/hrrr/20191122/subset_bee40b43__hrrr.t17z.wrfsfcf01.grib2'
2019-11-22 18:00,1,FileNotFound,[Errno 2] No such file or directory: '/home/ec2-user/data/hrrr/20191122/subset_26e40b43__hrrr.t18z.wrfsfcf01.grib2'
2019-11-22 18:00,10,FileNotFound,[Errno 2] No such file or directory: '/home/ec2-user/data/hrrr/20191122/subset_26d41500__hrrr.t18z.wrfsfcf10.grib2'
2019-11-22 19:00,2,FileNotFound,[Errno 2] No such file or directory: '/home/ec2-user/data/hrrr/20191122/subset_64211500__hrrr.t19z.wrfsfcf02.grib2'
2019-11-22 19:00,12,KeyError_after_retries,'href'
2019-11-22 19:00,9,ValueError_after_retries,
No index file was found for None
Download the full file first (with `H.download()`).
You will need to remake the Herbie object (H = `Herbie()`)
or delete this cached property: `del H.index_as_dataframe()`
2019-11-22 19:00,6,ValueError_after_retries,
No index file was found for None
Download the full file first (with `H.download()`).
You will need to remake the Herbie object (H = `Herbie()`)
or delete this cached property: `del H.index_as_dataframe()`
2020-01-15 16:00,12,missing_variables,dswrf
2020-10-08 06:00,9,AttributeError_after_retries,Can only use .str accessor with string values!
2020-11-12 09:00,3,ValueError_after_retries,
No index file was found for None
Download the full file first (with `H.download()`).
You will need to remake the Herbie object (H = `Herbie()`)
or delete this cached property: `del H.index_as_dataframe()`
2020-11-12 09:00,2,ValueError_after_retries,
No index file was found for None
Download the full file first (with `H.download()`).
You will need to remake the Herbie object (H = `Herbie()`)
or delete this cached property: `del H.index_as_dataframe()`
2020-11-12 09:00,8,ValueError_after_retries,
No index file was found for None
Download the full file first (with `H.download()`).
You will need to remake the Herbie object (H = `Herbie()`)
or delete this cached property: `del H.index_as_dataframe()`
2020-11-12 09:00,1,ValueError_after_retries,
No index file was found for None
Download the full file first (with `H.download()`).
You will need to remake the Herbie object (H = `Herbie()`)
or delete this cached property: `del H.index_as_dataframe()`
2020-11-12 09:00,4,ValueError_after_retries,
No index file was found for None
Download the full file first (with `H.download()`).
You will need to remake the Herbie object (H = `Herbie()`)
or delete this cached property: `del H.index_as_dataframe()`
2020-11-12 09:00,9,ValueError_after_retries,
No index file was found for None
Download the full file first (with `H.download()`).
You will need to remake the Herbie object (H = `Herbie()`)
or delete this cached property: `del H.index_as_dataframe()`
2020-11-12 09:00,6,ValueError_after_retries,
No index file was found for None
Download the full file first (with `H.download()`).
You will need to remake the Herbie object (H = `Herbie()`)
or delete this cached property: `del H.index_as_dataframe()`
2020-11-12 09:00,7,ValueError_after_retries,
No index file was found for None
Download the full file first (with `H.download()`).
You will need to remake the Herbie object (H = `Herbie()`)
or delete this cached property: `del H.index_as_dataframe()`
2020-11-12 09:00,5,ValueError_after_retries,
No index file was found for None
Download the full file first (with `H.download()`).
You will need to remake the Herbie object (H = `Herbie()`)
or delete this cached property: `del H.index_as_dataframe()`
2020-11-12 09:00,10,ValueError_after_retries,
No index file was found for None
Download the full file first (with `H.download()`).
You will need to remake the Herbie object (H = `Herbie()`)
or delete this cached property: `del H.index_as_dataframe()`
2020-12-11 19:00,6,ValueError_after_retries,
No index file was found for None
Download the full file first (with `H.download()`).
You will need to remake the Herbie object (H = `Herbie()`)
or delete this cached property: `del H.index_as_dataframe()`
2020-12-11 19:00,5,ValueError_after_retries,
No index file was found for None
Download the full file first (with `H.download()`).
You will need to remake the Herbie object (H = `Herbie()`)
or delete this cached property: `del H.index_as_dataframe()`
2020-12-11 19:00,7,ValueError_after_retries,
No index file was found for None
Download the full file first (with `H.download()`).
You will need to remake the Herbie object (H = `Herbie()`)
or delete this cached property: `del H.index_as_dataframe()`
2020-12-11 19:00,9,ValueError_after_retries,
No index file was found for None
Download the full file first (with `H.download()`).
You will need to remake the Herbie object (H = `Herbie()`)
or delete this cached property: `del H.index_as_dataframe()`
2020-12-11 19:00,4,ValueError_after_retries,
No index file was found for None
Download the full file first (with `H.download()`).
You will need to remake the Herbie object (H = `Herbie()`)
or delete this cached property: `del H.index_as_dataframe()`
2020-12-11 19:00,3,ValueError_after_retries,
No index file was found for None
Download the full file first (with `H.download()`).
You will need to remake the Herbie object (H = `Herbie()`)
or delete this cached property: `del H.index_as_dataframe()`
2020-12-11 19:00,2,ValueError_after_retries,
No index file was found for None
Download the full file first (with `H.download()`).
You will need to remake the Herbie object (H = `Herbie()`)
or delete this cached property: `del H.index_as_dataframe()`
2020-12-11 19:00,8,ValueError_after_retries,
No index file was found for None
Download the full file first (with `H.download()`).
You will need to remake the Herbie object (H = `Herbie()`)
or delete this cached property: `del H.index_as_dataframe()`
2020-12-11 19:00,10,ValueError_after_retries,
No index file was found for None
Download the full file first (with `H.download()`).
You will need to remake the Herbie object (H = `Herbie()`)
or delete this cached property: `del H.index_as_dataframe()`
2020-12-11 19:00,11,ValueError_after_retries,
No index file was found for None
Download the full file first (with `H.download()`).
You will need to remake the Herbie object (H = `Herbie()`)
or delete this cached property: `del H.index_as_dataframe()`
2020-12-11 19:00,12,ValueError_after_retries,
No index file was found for None
Download the full file first (with `H.download()`).
You will need to remake the Herbie object (H = `Herbie()`)
or delete this cached property: `del H.index_as_dataframe()`
2021-04-23 08:00,7,missing_variables,dswrf,tcc
2021-09-20 12:00,7,missing_variables,dswrf,tcc
2021-10-26 13:00,1,missing_variables,dswrf,tcc
2021-10-26 11:00,12,missing_variables,dswrf
