HRRR Data Collection Progress Log
============================================================
[2026-01-15 15:36:10] Starting HRRR data collection
[2026-01-15 15:36:10] Period: 2019-01-01 00:00 to 2023-12-31 23:00
[2026-01-15 15:36:10] Workers: 48
[2026-01-15 15:36:10] Forecast horizons: [1, 2, 3, 4, 5, 6, 7, 8, 9, 10, 11, 12]
[2026-01-15 15:36:10] Total expected records: 525,888
[2026-01-15 15:36:10] Already completed: 0
[2026-01-15 15:36:10] Remaining: 525,888
[2026-01-15 15:36:20] Submitted 525,888 tasks to 48 workers
[2026-01-15 15:37:50] Progress: 1,000/525,888 (0.19%) | ETA: 14.6 hours
[2026-01-15 15:39:10] Progress: 2,000/525,888 (0.38%) | ETA: 13.1 hours
[2026-01-15 15:40:29] Progress: 3,000/525,888 (0.57%) | ETA: 12.6 hours
[2026-01-15 15:41:49] Progress: 4,000/525,888 (0.76%) | ETA: 12.3 hours
[2026-01-15 15:43:09] Progress: 5,000/525,888 (0.95%) | ETA: 12.1 hours
[2026-01-15 15:44:30] Progress: 6,000/525,888 (1.14%) | ETA: 12.0 hours
[2026-01-15 15:45:49] Progress: 7,000/525,888 (1.33%) | ETA: 11.9 hours
[2026-01-15 15:47:09] Progress: 8,000/525,888 (1.52%) | ETA: 11.9 hours
[2026-01-15 15:48:30] Progress: 9,000/525,888 (1.71%) | ETA: 11.8 hours
[2026-01-15 15:49:50] Progress: 10,000/525,888 (1.90%) | ETA: 11.8 hours
[2026-01-15 15:51:09] Progress: 11,000/525,888 (2.09%) | ETA: 11.7 hours
[2026-01-15 15:52:29] Progress: 12,000/525,888 (2.28%) | ETA: 11.7 hours
[2026-01-15 15:53:48] Progress: 13,000/525,888 (2.47%) | ETA: 11.6 hours
[2026-01-15 15:55:08] Progress: 14,000/525,888 (2.66%) | ETA: 11.6 hours
[2026-01-15 15:56:28] Progress: 15,000/525,888 (2.85%) | ETA: 11.5 hours
[2026-01-15 15:57:48] Progress: 16,000/525,888 (3.04%) | ETA: 11.5 hours
[2026-01-15 15:59:10] Progress: 17,000/525,888 (3.23%) | ETA: 11.5 hours
[2026-01-15 16:00:31] Progress: 18,000/525,888 (3.42%) | ETA: 11.5 hours
[2026-01-15 16:01:51] Progress: 19,000/525,888 (3.61%) | ETA: 11.4 hours
[2026-01-15 16:03:27] Progress: 20,000/525,888 (3.80%) | ETA: 11.5 hours
[2026-01-15 16:04:48] Progress: 21,000/525,888 (3.99%) | ETA: 11.5 hours
[2026-01-15 16:06:08] Progress: 22,000/525,888 (4.18%) | ETA: 11.4 hours
[2026-01-15 16:07:29] Progress: 23,000/525,888 (4.37%) | ETA: 11.4 hours
[2026-01-15 16:08:50] Progress: 24,000/525,888 (4.56%) | ETA: 11.4 hours
[2026-01-15 16:10:11] Progress: 25,000/525,888 (4.75%) | ETA: 11.4 hours
[2026-01-15 16:11:32] Progress: 26,000/525,888 (4.94%) | ETA: 11.3 hours
[2026-01-15 16:12:55] Progress: 27,000/525,888 (5.13%) | ETA: 11.3 hours
[2026-01-15 16:14:17] Progress: 28,000/525,888 (5.32%) | ETA: 11.3 hours
[2026-01-15 16:15:38] Progress: 29,000/525,888 (5.51%) | ETA: 11.3 hours
[2026-01-15 16:16:59] Progress: 30,000/525,888 (5.70%) | ETA: 11.2 hours
[2026-01-15 16:18:20] Progress: 31,000/525,888 (5.89%) | ETA: 11.2 hours
[2026-01-15 16:19:41] Progress: 32,000/525,888 (6.08%) | ETA: 11.2 hours
[2026-01-15 16:21:01] Progress: 33,000/525,888 (6.28%) | ETA: 11.2 hours
[2026-01-15 16:22:22] Progress: 34,000/525,888 (6.47%) | ETA: 11.1 hours
[2026-01-15 16:23:45] Progress: 35,000/525,888 (6.66%) | ETA: 11.1 hours
[2026-01-15 16:25:16] Progress: 36,000/525,888 (6.85%) | ETA: 11.1 hours
[2026-01-15 16:26:38] Progress: 37,000/525,888 (7.04%) | ETA: 11.1 hours
[2026-01-15 16:28:00] Progress: 38,000/525,888 (7.23%) | ETA: 11.1 hours
[2026-01-15 16:29:22] Progress: 39,000/525,888 (7.42%) | ETA: 11.1 hours
[2026-01-15 16:30:43] Progress: 40,000/525,888 (7.61%) | ETA: 11.0 hours
[2026-01-15 16:32:04] Progress: 41,000/525,888 (7.80%) | ETA: 11.0 hours
[2026-01-15 16:33:26] Progress: 42,000/525,888 (7.99%) | ETA: 11.0 hours
[2026-01-15 16:34:48] Progress: 43,000/525,888 (8.18%) | ETA: 11.0 hours
[2026-01-15 16:36:09] Progress: 44,000/525,888 (8.37%) | ETA: 11.0 hours
[2026-01-15 16:37:31] Progress: 45,000/525,888 (8.56%) | ETA: 10.9 hours
[2026-01-15 16:38:53] Progress: 46,000/525,888 (8.75%) | ETA: 10.9 hours
[2026-01-15 16:40:14] Progress: 47,000/525,888 (8.94%) | ETA: 10.9 hours
[2026-01-15 16:41:37] Progress: 48,000/525,888 (9.13%) | ETA: 10.9 hours
[2026-01-15 16:42:58] Progress: 49,000/525,888 (9.32%) | ETA: 10.8 hours
[2026-01-15 16:44:20] Progress: 50,000/525,888 (9.51%) | ETA: 10.8 hours
[2026-01-15 16:45:42] Progress: 51,000/525,888 (9.70%) | ETA: 10.8 hours
[2026-01-15 16:47:05] Progress: 52,000/525,888 (9.89%) | ETA: 10.8 hours
[2026-01-15 16:48:28] Progress: 53,000/525,888 (10.08%) | ETA: 10.8 hours
[2026-01-15 16:49:51] Progress: 54,000/525,888 (10.27%) | ETA: 10.7 hours
[2026-01-15 16:51:13] Progress: 55,000/525,888 (10.46%) | ETA: 10.7 hours
[2026-01-15 16:52:35] Progress: 56,000/525,888 (10.65%) | ETA: 10.7 hours
[2026-01-15 16:53:57] Progress: 57,000/525,888 (10.84%) | ETA: 10.7 hours
[2026-01-15 16:55:19] Progress: 58,000/525,888 (11.03%) | ETA: 10.6 hours
[2026-01-15 16:56:41] Progress: 59,000/525,888 (11.22%) | ETA: 10.6 hours
[2026-01-15 16:58:03] Progress: 60,000/525,888 (11.41%) | ETA: 10.6 hours
[2026-01-15 16:59:24] Progress: 61,000/525,888 (11.60%) | ETA: 10.6 hours
[2026-01-15 17:00:45] Progress: 62,000/525,888 (11.79%) | ETA: 10.5 hours
[2026-01-15 17:02:07] Progress: 63,000/525,888 (11.98%) | ETA: 10.5 hours
[2026-01-15 17:03:28] Progress: 64,000/525,888 (12.17%) | ETA: 10.5 hours
[2026-01-15 17:04:47] Progress: 65,000/525,888 (12.36%) | ETA: 10.5 hours
[2026-01-15 17:06:05] Progress: 66,000/525,888 (12.55%) | ETA: 10.4 hours
[2026-01-15 17:07:24] Progress: 67,000/525,888 (12.74%) | ETA: 10.4 hours
[2026-01-15 17:08:43] Progress: 68,000/525,888 (12.93%) | ETA: 10.4 hours
[2026-01-15 17:10:02] Progress: 69,000/525,888 (13.12%) | ETA: 10.4 hours
[2026-01-15 17:11:20] Progress: 70,000/525,888 (13.31%) | ETA: 10.3 hours
[2026-01-15 17:12:39] Progress: 71,000/525,888 (13.50%) | ETA: 10.3 hours
[2026-01-15 17:13:57] Progress: 72,000/525,888 (13.69%) | ETA: 10.3 hours
[2026-01-15 17:15:16] Progress: 73,000/525,888 (13.88%) | ETA: 10.2 hours
[2026-01-15 17:16:35] Progress: 74,000/525,888 (14.07%) | ETA: 10.2 hours
[2026-01-15 17:17:54] Progress: 75,000/525,888 (14.26%) | ETA: 10.2 hours
[2026-01-15 17:19:14] Progress: 76,000/525,888 (14.45%) | ETA: 10.2 hours
[2026-01-15 17:20:34] Progress: 77,000/525,888 (14.64%) | ETA: 10.1 hours
[2026-01-15 17:21:53] Progress: 78,000/525,888 (14.83%) | ETA: 10.1 hours
[2026-01-15 17:23:12] Progress: 79,000/525,888 (15.02%) | ETA: 10.1 hours
[2026-01-15 17:24:30] Progress: 80,000/525,888 (15.21%) | ETA: 10.1 hours
[2026-01-15 17:25:49] Progress: 81,000/525,888 (15.40%) | ETA: 10.0 hours
[2026-01-15 17:27:08] Progress: 82,000/525,888 (15.59%) | ETA: 10.0 hours
[2026-01-15 17:28:27] Progress: 83,000/525,888 (15.78%) | ETA: 10.0 hours
[2026-01-15 17:29:45] Progress: 84,000/525,888 (15.97%) | ETA: 10.0 hours
[2026-01-15 17:31:04] Progress: 85,000/525,888 (16.16%) | ETA: 9.9 hours
[2026-01-15 17:32:24] Progress: 86,000/525,888 (16.35%) | ETA: 9.9 hours
[2026-01-15 17:33:43] Progress: 87,000/525,888 (16.54%) | ETA: 9.9 hours
[2026-01-15 17:35:01] Progress: 88,000/525,888 (16.73%) | ETA: 9.9 hours
[2026-01-15 17:36:19] Progress: 89,000/525,888 (16.92%) | ETA: 9.8 hours
[2026-01-15 17:37:37] Progress: 90,000/525,888 (17.11%) | ETA: 9.8 hours
[2026-01-15 17:38:56] Progress: 91,000/525,888 (17.30%) | ETA: 9.8 hours
[2026-01-15 17:40:15] Progress: 92,000/525,888 (17.49%) | ETA: 9.8 hours
[2026-01-15 17:41:33] Progress: 93,000/525,888 (17.68%) | ETA: 9.7 hours
[2026-01-15 17:42:53] Progress: 94,000/525,888 (17.87%) | ETA: 9.7 hours
[2026-01-15 17:44:11] Progress: 95,000/525,888 (18.06%) | ETA: 9.7 hours
[2026-01-15 17:45:29] Progress: 96,000/525,888 (18.25%) | ETA: 9.7 hours
[2026-01-15 17:46:47] Progress: 97,000/525,888 (18.44%) | ETA: 9.6 hours
[2026-01-15 17:48:06] Progress: 98,000/525,888 (18.64%) | ETA: 9.6 hours
[2026-01-15 17:49:24] Progress: 99,000/525,888 (18.83%) | ETA: 9.6 hours
[2026-01-15 17:50:42] Progress: 100,000/525,888 (19.02%) | ETA: 9.5 hours
[2026-01-15 17:52:00] Progress: 101,000/525,888 (19.21%) | ETA: 9.5 hours
[2026-01-15 17:53:18] Progress: 102,000/525,888 (19.40%) | ETA: 9.5 hours
[2026-01-15 17:54:36] Progress: 103,000/525,888 (19.59%) | ETA: 9.5 hours
[2026-01-15 17:55:56] Progress: 104,000/525,888 (19.78%) | ETA: 9.4 hours
[2026-01-15 17:57:14] Progress: 105,000/525,888 (19.97%) | ETA: 9.4 hours
[2026-01-15 17:58:33] Progress: 106,000/525,888 (20.16%) | ETA: 9.4 hours
[2026-01-15 17:59:50] Progress: 107,000/525,888 (20.35%) | ETA: 9.4 hours
[2026-01-15 18:01:08] Progress: 108,000/525,888 (20.54%) | ETA: 9.3 hours
[2026-01-15 18:02:27] Progress: 109,000/525,888 (20.73%) | ETA: 9.3 hours
[2026-01-15 18:03:46] Progress: 110,000/525,888 (20.92%) | ETA: 9.3 hours
[2026-01-15 18:05:05] Progress: 111,000/525,888 (21.11%) | ETA: 9.3 hours
[2026-01-15 18:06:23] Progress: 112,000/525,888 (21.30%) | ETA: 9.3 hours
[2026-01-15 18:07:43] Progress: 113,000/525,888 (21.49%) | ETA: 9.2 hours
[2026-01-15 18:09:03] Progress: 114,000/525,888 (21.68%) | ETA: 9.2 hours
[2026-01-15 18:10:22] Progress: 115,000/525,888 (21.87%) | ETA: 9.2 hours
[2026-01-15 18:11:40] Progress: 116,000/525,888 (22.06%) | ETA: 9.2 hours
[2026-01-15 18:12:59] Progress: 117,000/525,888 (22.25%) | ETA: 9.1 hours
[2026-01-15 18:14:17] Progress: 118,000/525,888 (22.44%) | ETA: 9.1 hours
[2026-01-15 18:15:35] Progress: 119,000/525,888 (22.63%) | ETA: 9.1 hours
[2026-01-15 18:16:55] Progress: 120,000/525,888 (22.82%) | ETA: 9.1 hours
[2026-01-15 18:18:17] Progress: 121,000/525,888 (23.01%) | ETA: 9.0 hours
[2026-01-15 18:19:38] Progress: 122,000/525,888 (23.20%) | ETA: 9.0 hours
[2026-01-15 18:21:00] Progress: 123,000/525,888 (23.39%) | ETA: 9.0 hours
[2026-01-15 18:22:22] Progress: 124,000/525,888 (23.58%) | ETA: 9.0 hours
[2026-01-15 18:23:44] Progress: 125,000/525,888 (23.77%) | ETA: 9.0 hours
[2026-01-15 18:25:06] Progress: 126,000/525,888 (23.96%) | ETA: 8.9 hours
[2026-01-15 18:26:28] Progress: 127,000/525,888 (24.15%) | ETA: 8.9 hours
[2026-01-15 18:27:51] Progress: 128,000/525,888 (24.34%) | ETA: 8.9 hours
[2026-01-15 18:29:14] Progress: 129,000/525,888 (24.53%) | ETA: 8.9 hours
[2026-01-15 18:30:37] Progress: 130,000/525,888 (24.72%) | ETA: 8.9 hours
[2026-01-15 18:31:59] Progress: 131,000/525,888 (24.91%) | ETA: 8.8 hours
[2026-01-15 18:33:22] Progress: 132,000/525,888 (25.10%) | ETA: 8.8 hours
[2026-01-15 18:34:44] Progress: 133,000/525,888 (25.29%) | ETA: 8.8 hours
[2026-01-15 18:36:06] Progress: 134,000/525,888 (25.48%) | ETA: 8.8 hours
[2026-01-15 18:37:29] Progress: 135,000/525,888 (25.67%) | ETA: 8.8 hours
[2026-01-15 18:38:51] Progress: 136,000/525,888 (25.86%) | ETA: 8.7 hours
[2026-01-15 18:40:14] Progress: 137,000/525,888 (26.05%) | ETA: 8.7 hours
[2026-01-15 18:41:36] Progress: 138,000/525,888 (26.24%) | ETA: 8.7 hours
[2026-01-15 18:42:58] Progress: 139,000/525,888 (26.43%) | ETA: 8.7 hours
[2026-01-15 18:44:20] Progress: 140,000/525,888 (26.62%) | ETA: 8.6 hours
[2026-01-15 18:45:43] Progress: 141,000/525,888 (26.81%) | ETA: 8.6 hours
[2026-01-15 18:47:05] Progress: 142,000/525,888 (27.00%) | ETA: 8.6 hours
[2026-01-15 18:48:29] Progress: 143,000/525,888 (27.19%) | ETA: 8.6 hours
[2026-01-15 18:49:51] Progress: 144,000/525,888 (27.38%) | ETA: 8.6 hours
[2026-01-15 18:51:14] Progress: 145,000/525,888 (27.57%) | ETA: 8.5 hours
[2026-01-15 18:52:37] Progress: 146,000/525,888 (27.76%) | ETA: 8.5 hours
[2026-01-15 18:54:01] Progress: 147,000/525,888 (27.95%) | ETA: 8.5 hours
[2026-01-15 18:55:24] Progress: 148,000/525,888 (28.14%) | ETA: 8.5 hours
[2026-01-15 18:56:46] Progress: 149,000/525,888 (28.33%) | ETA: 8.5 hours
[2026-01-15 18:58:09] Progress: 150,000/525,888 (28.52%) | ETA: 8.4 hours
[2026-01-15 18:59:32] Progress: 151,000/525,888 (28.71%) | ETA: 8.4 hours
[2026-01-15 19:00:54] Progress: 152,000/525,888 (28.90%) | ETA: 8.4 hours
[2026-01-15 19:02:17] Progress: 153,000/525,888 (29.09%) | ETA: 8.4 hours
[2026-01-15 19:03:41] Progress: 154,000/525,888 (29.28%) | ETA: 8.4 hours
[2026-01-15 19:05:05] Progress: 155,000/525,888 (29.47%) | ETA: 8.3 hours
[2026-01-15 19:06:30] Progress: 156,000/525,888 (29.66%) | ETA: 8.3 hours
[2026-01-15 19:07:54] Progress: 157,000/525,888 (29.85%) | ETA: 8.3 hours
[2026-01-15 19:09:18] Progress: 158,000/525,888 (30.04%) | ETA: 8.3 hours
[2026-01-15 19:10:42] Progress: 159,000/525,888 (30.23%) | ETA: 8.3 hours
[2026-01-15 19:12:07] Progress: 160,000/525,888 (30.42%) | ETA: 8.2 hours
[2026-01-15 19:13:31] Progress: 161,000/525,888 (30.61%) | ETA: 8.2 hours
[2026-01-15 19:14:55] Progress: 162,000/525,888 (30.81%) | ETA: 8.2 hours
[2026-01-15 19:16:19] Progress: 163,000/525,888 (31.00%) | ETA: 8.2 hours
[2026-01-15 19:17:45] Progress: 164,000/525,888 (31.19%) | ETA: 8.1 hours
[2026-01-15 19:19:08] Progress: 165,000/525,888 (31.38%) | ETA: 8.1 hours
[2026-01-15 19:20:31] Progress: 166,000/525,888 (31.57%) | ETA: 8.1 hours
[2026-01-15 19:21:55] Progress: 167,000/525,888 (31.76%) | ETA: 8.1 hours
[2026-01-15 19:23:19] Progress: 168,000/525,888 (31.95%) | ETA: 8.1 hours
[2026-01-15 19:24:42] Progress: 169,000/525,888 (32.14%) | ETA: 8.0 hours
[2026-01-15 19:26:05] Progress: 170,000/525,888 (32.33%) | ETA: 8.0 hours
[2026-01-15 19:27:28] Progress: 171,000/525,888 (32.52%) | ETA: 8.0 hours
[2026-01-15 19:28:51] Progress: 172,000/525,888 (32.71%) | ETA: 8.0 hours
[2026-01-15 19:30:14] Progress: 173,000/525,888 (32.90%) | ETA: 8.0 hours
[2026-01-15 19:31:35] Progress: 174,000/525,888 (33.09%) | ETA: 7.9 hours
[2026-01-15 19:32:58] Progress: 175,000/525,888 (33.28%) | ETA: 7.9 hours
[2026-01-15 19:34:21] Progress: 176,000/525,888 (33.47%) | ETA: 7.9 hours
[2026-01-15 19:35:43] Progress: 177,000/525,888 (33.66%) | ETA: 7.9 hours
[2026-01-15 19:37:06] Progress: 178,000/525,888 (33.85%) | ETA: 7.8 hours
[2026-01-15 19:38:29] Progress: 179,000/525,888 (34.04%) | ETA: 7.8 hours
[2026-01-15 19:39:51] Progress: 180,000/525,888 (34.23%) | ETA: 7.8 hours
[2026-01-15 19:41:13] Progress: 181,000/525,888 (34.42%) | ETA: 7.8 hours
[2026-01-15 19:42:36] Progress: 182,000/525,888 (34.61%) | ETA: 7.8 hours
[2026-01-15 19:43:59] Progress: 183,000/525,888 (34.80%) | ETA: 7.7 hours
[2026-01-15 19:45:21] Progress: 184,000/525,888 (34.99%) | ETA: 7.7 hours
[2026-01-15 19:46:44] Progress: 185,000/525,888 (35.18%) | ETA: 7.7 hours
[2026-01-15 19:48:05] Progress: 186,000/525,888 (35.37%) | ETA: 7.7 hours
[2026-01-15 19:49:28] Progress: 187,000/525,888 (35.56%) | ETA: 7.7 hours
[2026-01-15 19:50:50] Progress: 188,000/525,888 (35.75%) | ETA: 7.6 hours
[2026-01-15 19:52:13] Progress: 189,000/525,888 (35.94%) | ETA: 7.6 hours
[2026-01-15 19:53:35] Progress: 190,000/525,888 (36.13%) | ETA: 7.6 hours
[2026-01-15 19:54:57] Progress: 191,000/525,888 (36.32%) | ETA: 7.6 hours
[2026-01-15 19:56:18] Progress: 192,000/525,888 (36.51%) | ETA: 7.5 hours
[2026-01-15 19:57:40] Progress: 193,000/525,888 (36.70%) | ETA: 7.5 hours
[2026-01-15 19:59:01] Progress: 194,000/525,888 (36.89%) | ETA: 7.5 hours
[2026-01-15 20:00:23] Progress: 195,000/525,888 (37.08%) | ETA: 7.5 hours
[2026-01-15 20:01:44] Progress: 196,000/525,888 (37.27%) | ETA: 7.4 hours
[2026-01-15 20:03:09] Progress: 197,000/525,888 (37.46%) | ETA: 7.4 hours
[2026-01-15 20:04:31] Progress: 198,000/525,888 (37.65%) | ETA: 7.4 hours
[2026-01-15 20:05:53] Progress: 199,000/525,888 (37.84%) | ETA: 7.4 hours
[2026-01-15 20:07:13] Progress: 200,000/525,888 (38.03%) | ETA: 7.4 hours
[2026-01-15 20:08:34] Progress: 201,000/525,888 (38.22%) | ETA: 7.3 hours
[2026-01-15 20:09:56] Progress: 202,000/525,888 (38.41%) | ETA: 7.3 hours
[2026-01-15 20:11:18] Progress: 203,000/525,888 (38.60%) | ETA: 7.3 hours
[2026-01-15 20:12:40] Progress: 204,000/525,888 (38.79%) | ETA: 7.3 hours
[2026-01-15 20:14:05] Progress: 205,000/525,888 (38.98%) | ETA: 7.3 hours
[2026-01-15 20:15:28] Progress: 206,000/525,888 (39.17%) | ETA: 7.2 hours
[2026-01-15 20:16:50] Progress: 207,000/525,888 (39.36%) | ETA: 7.2 hours
[2026-01-15 20:18:12] Progress: 208,000/525,888 (39.55%) | ETA: 7.2 hours
[2026-01-15 20:19:34] Progress: 209,000/525,888 (39.74%) | ETA: 7.2 hours
[2026-01-15 20:20:57] Progress: 210,000/525,888 (39.93%) | ETA: 7.1 hours
[2026-01-15 20:22:18] Progress: 211,000/525,888 (40.12%) | ETA: 7.1 hours
[2026-01-15 20:23:41] Progress: 212,000/525,888 (40.31%) | ETA: 7.1 hours
[2026-01-15 20:25:03] Progress: 213,000/525,888 (40.50%) | ETA: 7.1 hours
[2026-01-15 20:26:25] Progress: 214,000/525,888 (40.69%) | ETA: 7.1 hours
[2026-01-15 20:27:47] Progress: 215,000/525,888 (40.88%) | ETA: 7.0 hours
[2026-01-15 20:29:09] Progress: 216,000/525,888 (41.07%) | ETA: 7.0 hours
[2026-01-15 20:30:32] Progress: 217,000/525,888 (41.26%) | ETA: 7.0 hours
[2026-01-15 20:31:53] Progress: 218,000/525,888 (41.45%) | ETA: 7.0 hours
[2026-01-15 20:33:16] Progress: 219,000/525,888 (41.64%) | ETA: 6.9 hours
[2026-01-15 20:34:38] Progress: 220,000/525,888 (41.83%) | ETA: 6.9 hours
[2026-01-15 20:36:00] Progress: 221,000/525,888 (42.02%) | ETA: 6.9 hours
[2026-01-15 20:37:22] Progress: 222,000/525,888 (42.21%) | ETA: 6.9 hours
[2026-01-15 20:38:44] Progress: 223,000/525,888 (42.40%) | ETA: 6.8 hours
[2026-01-15 20:40:06] Progress: 224,000/525,888 (42.59%) | ETA: 6.8 hours
[2026-01-15 20:41:28] Progress: 225,000/525,888 (42.78%) | ETA: 6.8 hours
[2026-01-15 20:42:50] Progress: 226,000/525,888 (42.97%) | ETA: 6.8 hours
[2026-01-15 20:44:13] Progress: 227,000/525,888 (43.17%) | ETA: 6.8 hours
[2026-01-15 20:45:35] Progress: 228,000/525,888 (43.36%) | ETA: 6.7 hours
[2026-01-15 20:46:57] Progress: 229,000/525,888 (43.55%) | ETA: 6.7 hours
[2026-01-15 20:48:19] Progress: 230,000/525,888 (43.74%) | ETA: 6.7 hours
[2026-01-15 20:49:42] Progress: 231,000/525,888 (43.93%) | ETA: 6.7 hours
[2026-01-15 20:51:04] Progress: 232,000/525,888 (44.12%) | ETA: 6.6 hours
[2026-01-15 20:52:26] Progress: 233,000/525,888 (44.31%) | ETA: 6.6 hours
[2026-01-15 20:53:50] Progress: 234,000/525,888 (44.50%) | ETA: 6.6 hours
[2026-01-15 20:55:11] Progress: 235,000/525,888 (44.69%) | ETA: 6.6 hours
[2026-01-15 20:56:34] Progress: 236,000/525,888 (44.88%) | ETA: 6.6 hours
[2026-01-15 20:57:57] Progress: 237,000/525,888 (45.07%) | ETA: 6.5 hours
[2026-01-15 20:59:19] Progress: 238,000/525,888 (45.26%) | ETA: 6.5 hours
[2026-01-15 21:00:42] Progress: 239,000/525,888 (45.45%) | ETA: 6.5 hours
[2026-01-15 21:02:06] Progress: 240,000/525,888 (45.64%) | ETA: 6.5 hours
[2026-01-15 21:03:29] Progress: 241,000/525,888 (45.83%) | ETA: 6.4 hours
[2026-01-15 21:04:52] Progress: 242,000/525,888 (46.02%) | ETA: 6.4 hours
[2026-01-15 21:06:14] Progress: 243,000/525,888 (46.21%) | ETA: 6.4 hours
[2026-01-15 21:07:38] Progress: 244,000/525,888 (46.40%) | ETA: 6.4 hours
[2026-01-15 21:09:01] Progress: 245,000/525,888 (46.59%) | ETA: 6.4 hours
[2026-01-15 21:10:24] Progress: 246,000/525,888 (46.78%) | ETA: 6.3 hours
[2026-01-15 21:11:47] Progress: 247,000/525,888 (46.97%) | ETA: 6.3 hours
[2026-01-15 21:13:10] Progress: 248,000/525,888 (47.16%) | ETA: 6.3 hours
[2026-01-15 21:14:34] Progress: 249,000/525,888 (47.35%) | ETA: 6.3 hours
[2026-01-15 21:15:56] Progress: 250,000/525,888 (47.54%) | ETA: 6.2 hours
[2026-01-15 21:17:20] Progress: 251,000/525,888 (47.73%) | ETA: 6.2 hours
[2026-01-15 21:18:42] Progress: 252,000/525,888 (47.92%) | ETA: 6.2 hours
[2026-01-15 21:20:07] Progress: 253,000/525,888 (48.11%) | ETA: 6.2 hours
[2026-01-15 21:21:30] Progress: 254,000/525,888 (48.30%) | ETA: 6.2 hours
[2026-01-15 21:22:53] Progress: 255,000/525,888 (48.49%) | ETA: 6.1 hours
[2026-01-15 21:24:17] Progress: 256,000/525,888 (48.68%) | ETA: 6.1 hours
[2026-01-15 21:25:42] Progress: 257,000/525,888 (48.87%) | ETA: 6.1 hours
[2026-01-15 21:27:06] Progress: 258,000/525,888 (49.06%) | ETA: 6.1 hours
[2026-01-15 21:28:29] Progress: 259,000/525,888 (49.25%) | ETA: 6.1 hours
[2026-01-15 21:29:53] Progress: 260,000/525,888 (49.44%) | ETA: 6.0 hours
[2026-01-15 21:31:16] Progress: 261,000/525,888 (49.63%) | ETA: 6.0 hours
[2026-01-15 21:32:41] Progress: 262,000/525,888 (49.82%) | ETA: 6.0 hours
[2026-01-15 21:34:05] Progress: 263,000/525,888 (50.01%) | ETA: 6.0 hours
[2026-01-15 21:35:29] Progress: 264,000/525,888 (50.20%) | ETA: 5.9 hours
[2026-01-15 21:36:54] Progress: 265,000/525,888 (50.39%) | ETA: 5.9 hours
[2026-01-15 21:38:19] Progress: 266,000/525,888 (50.58%) | ETA: 5.9 hours
[2026-01-15 21:39:43] Progress: 267,000/525,888 (50.77%) | ETA: 5.9 hours
[2026-01-15 21:41:07] Progress: 268,000/525,888 (50.96%) | ETA: 5.9 hours
[2026-01-15 21:42:31] Progress: 269,000/525,888 (51.15%) | ETA: 5.8 hours
[2026-01-15 21:43:55] Progress: 270,000/525,888 (51.34%) | ETA: 5.8 hours
[2026-01-15 21:45:18] Progress: 271,000/525,888 (51.53%) | ETA: 5.8 hours
[2026-01-15 21:46:42] Progress: 272,000/525,888 (51.72%) | ETA: 5.8 hours
[2026-01-15 21:48:06] Progress: 273,000/525,888 (51.91%) | ETA: 5.7 hours
[2026-01-15 21:49:30] Progress: 274,000/525,888 (52.10%) | ETA: 5.7 hours
[2026-01-15 21:50:54] Progress: 275,000/525,888 (52.29%) | ETA: 5.7 hours
[2026-01-15 21:52:19] Progress: 276,000/525,888 (52.48%) | ETA: 5.7 hours
[2026-01-15 21:53:42] Progress: 277,000/525,888 (52.67%) | ETA: 5.7 hours
[2026-01-15 21:55:05] Progress: 278,000/525,888 (52.86%) | ETA: 5.6 hours
[2026-01-15 21:56:29] Progress: 279,000/525,888 (53.05%) | ETA: 5.6 hours
[2026-01-15 21:57:52] Progress: 280,000/525,888 (53.24%) | ETA: 5.6 hours
[2026-01-15 21:59:15] Progress: 281,000/525,888 (53.43%) | ETA: 5.6 hours
[2026-01-15 22:00:38] Progress: 282,000/525,888 (53.62%) | ETA: 5.5 hours
[2026-01-15 22:02:01] Progress: 283,000/525,888 (53.81%) | ETA: 5.5 hours
[2026-01-15 22:03:25] Progress: 284,000/525,888 (54.00%) | ETA: 5.5 hours
[2026-01-15 22:04:48] Progress: 285,000/525,888 (54.19%) | ETA: 5.5 hours
[2026-01-15 22:06:13] Progress: 286,000/525,888 (54.38%) | ETA: 5.5 hours
[2026-01-15 22:07:36] Progress: 287,000/525,888 (54.57%) | ETA: 5.4 hours
[2026-01-15 22:08:59] Progress: 288,000/525,888 (54.76%) | ETA: 5.4 hours
[2026-01-15 22:10:25] Progress: 289,000/525,888 (54.95%) | ETA: 5.4 hours
[2026-01-15 22:11:49] Progress: 290,000/525,888 (55.14%) | ETA: 5.4 hours
[2026-01-15 22:13:14] Progress: 291,000/525,888 (55.33%) | ETA: 5.3 hours
[2026-01-15 22:14:38] Progress: 292,000/525,888 (55.53%) | ETA: 5.3 hours
[2026-01-15 22:16:02] Progress: 293,000/525,888 (55.72%) | ETA: 5.3 hours
[2026-01-15 22:17:27] Progress: 294,000/525,888 (55.91%) | ETA: 5.3 hours
[2026-01-15 22:18:52] Progress: 295,000/525,888 (56.10%) | ETA: 5.3 hours
[2026-01-15 22:20:16] Progress: 296,000/525,888 (56.29%) | ETA: 5.2 hours
[2026-01-15 22:21:39] Progress: 297,000/525,888 (56.48%) | ETA: 5.2 hours
[2026-01-15 22:23:03] Progress: 298,000/525,888 (56.67%) | ETA: 5.2 hours
[2026-01-15 22:24:26] Progress: 299,000/525,888 (56.86%) | ETA: 5.2 hours
[2026-01-15 22:25:49] Progress: 300,000/525,888 (57.05%) | ETA: 5.1 hours
[2026-01-15 22:27:13] Progress: 301,000/525,888 (57.24%) | ETA: 5.1 hours
[2026-01-15 22:28:36] Progress: 302,000/525,888 (57.43%) | ETA: 5.1 hours
[2026-01-15 22:29:59] Progress: 303,000/525,888 (57.62%) | ETA: 5.1 hours
[2026-01-15 22:31:23] Progress: 304,000/525,888 (57.81%) | ETA: 5.1 hours
[2026-01-15 22:32:45] Progress: 305,000/525,888 (58.00%) | ETA: 5.0 hours
[2026-01-15 22:34:08] Progress: 306,000/525,888 (58.19%) | ETA: 5.0 hours
[2026-01-15 22:35:31] Progress: 307,000/525,888 (58.38%) | ETA: 5.0 hours
[2026-01-15 22:36:55] Progress: 308,000/525,888 (58.57%) | ETA: 5.0 hours
[2026-01-15 22:38:18] Progress: 309,000/525,888 (58.76%) | ETA: 4.9 hours
[2026-01-15 22:39:41] Progress: 310,000/525,888 (58.95%) | ETA: 4.9 hours
[2026-01-15 22:41:05] Progress: 311,000/525,888 (59.14%) | ETA: 4.9 hours
[2026-01-15 22:42:29] Progress: 312,000/525,888 (59.33%) | ETA: 4.9 hours
[2026-01-15 22:43:52] Progress: 313,000/525,888 (59.52%) | ETA: 4.8 hours
[2026-01-15 22:45:15] Progress: 314,000/525,888 (59.71%) | ETA: 4.8 hours
[2026-01-15 22:46:38] Progress: 315,000/525,888 (59.90%) | ETA: 4.8 hours
[2026-01-15 22:48:01] Progress: 316,000/525,888 (60.09%) | ETA: 4.8 hours
[2026-01-15 22:49:24] Progress: 317,000/525,888 (60.28%) | ETA: 4.8 hours
[2026-01-15 22:50:46] Progress: 318,000/525,888 (60.47%) | ETA: 4.7 hours
[2026-01-15 22:52:09] Progress: 319,000/525,888 (60.66%) | ETA: 4.7 hours
[2026-01-15 22:53:31] Progress: 320,000/525,888 (60.85%) | ETA: 4.7 hours
[2026-01-15 22:54:55] Progress: 321,000/525,888 (61.04%) | ETA: 4.7 hours
[2026-01-15 22:56:19] Progress: 322,000/525,888 (61.23%) | ETA: 4.6 hours
[2026-01-15 22:57:43] Progress: 323,000/525,888 (61.42%) | ETA: 4.6 hours
[2026-01-15 22:59:07] Progress: 324,000/525,888 (61.61%) | ETA: 4.6 hours
[2026-01-15 23:00:33] Progress: 325,000/525,888 (61.80%) | ETA: 4.6 hours
[2026-01-15 23:01:57] Progress: 326,000/525,888 (61.99%) | ETA: 4.6 hours
[2026-01-15 23:03:21] Progress: 327,000/525,888 (62.18%) | ETA: 4.5 hours
[2026-01-15 23:04:45] Progress: 328,000/525,888 (62.37%) | ETA: 4.5 hours
[2026-01-15 23:06:09] Progress: 329,000/525,888 (62.56%) | ETA: 4.5 hours
[2026-01-15 23:07:32] Progress: 330,000/525,888 (62.75%) | ETA: 4.5 hours
[2026-01-15 23:08:57] Progress: 331,000/525,888 (62.94%) | ETA: 4.4 hours
[2026-01-15 23:10:22] Progress: 332,000/525,888 (63.13%) | ETA: 4.4 hours
[2026-01-15 23:11:47] Progress: 333,000/525,888 (63.32%) | ETA: 4.4 hours
[2026-01-15 23:13:11] Progress: 334,000/525,888 (63.51%) | ETA: 4.4 hours
[2026-01-15 23:14:36] Progress: 335,000/525,888 (63.70%) | ETA: 4.4 hours
[2026-01-15 23:16:00] Progress: 336,000/525,888 (63.89%) | ETA: 4.3 hours
[2026-01-15 23:17:24] Progress: 337,000/525,888 (64.08%) | ETA: 4.3 hours
[2026-01-15 23:18:48] Progress: 338,000/525,888 (64.27%) | ETA: 4.3 hours
[2026-01-15 23:20:13] Progress: 339,000/525,888 (64.46%) | ETA: 4.3 hours
[2026-01-15 23:21:37] Progress: 340,000/525,888 (64.65%) | ETA: 4.2 hours
[2026-01-15 23:23:00] Progress: 341,000/525,888 (64.84%) | ETA: 4.2 hours
[2026-01-15 23:24:25] Progress: 342,000/525,888 (65.03%) | ETA: 4.2 hours
[2026-01-15 23:25:48] Progress: 343,000/525,888 (65.22%) | ETA: 4.2 hours
[2026-01-15 23:27:13] Progress: 344,000/525,888 (65.41%) | ETA: 4.2 hours
[2026-01-15 23:28:38] Progress: 345,000/525,888 (65.60%) | ETA: 4.1 hours
[2026-01-15 23:30:03] Progress: 346,000/525,888 (65.79%) | ETA: 4.1 hours
[2026-01-15 23:31:27] Progress: 347,000/525,888 (65.98%) | ETA: 4.1 hours
[2026-01-15 23:32:51] Progress: 348,000/525,888 (66.17%) | ETA: 4.1 hours
[2026-01-15 23:34:17] Progress: 349,000/525,888 (66.36%) | ETA: 4.0 hours
[2026-01-15 23:35:42] Progress: 350,000/525,888 (66.55%) | ETA: 4.0 hours
[2026-01-15 23:37:06] Progress: 351,000/525,888 (66.74%) | ETA: 4.0 hours
[2026-01-15 23:38:31] Progress: 352,000/525,888 (66.93%) | ETA: 4.0 hours
[2026-01-15 23:39:56] Progress: 353,000/525,888 (67.12%) | ETA: 3.9 hours
[2026-01-15 23:41:21] Progress: 354,000/525,888 (67.31%) | ETA: 3.9 hours
[2026-01-15 23:42:45] Progress: 355,000/525,888 (67.50%) | ETA: 3.9 hours
[2026-01-15 23:44:10] Progress: 356,000/525,888 (67.70%) | ETA: 3.9 hours
[2026-01-15 23:45:35] Progress: 357,000/525,888 (67.89%) | ETA: 3.9 hours
[2026-01-15 23:46:59] Progress: 358,000/525,888 (68.08%) | ETA: 3.8 hours
[2026-01-15 23:48:24] Progress: 359,000/525,888 (68.27%) | ETA: 3.8 hours
[2026-01-15 23:49:48] Progress: 360,000/525,888 (68.46%) | ETA: 3.8 hours
[2026-01-15 23:51:13] Progress: 361,000/525,888 (68.65%) | ETA: 3.8 hours
[2026-01-15 23:52:38] Progress: 362,000/525,888 (68.84%) | ETA: 3.7 hours
[2026-01-15 23:54:04] Progress: 363,000/525,888 (69.03%) | ETA: 3.7 hours
[2026-01-15 23:55:30] Progress: 364,000/525,888 (69.22%) | ETA: 3.7 hours
[2026-01-15 23:56:56] Progress: 365,000/525,888 (69.41%) | ETA: 3.7 hours
[2026-01-15 23:58:22] Progress: 366,000/525,888 (69.60%) | ETA: 3.7 hours
[2026-01-15 23:59:47] Progress: 367,000/525,888 (69.79%) | ETA: 3.6 hours
[2026-01-16 00:01:13] Progress: 368,000/525,888 (69.98%) | ETA: 3.6 hours
[2026-01-16 00:02:39] Progress: 369,000/525,888 (70.17%) | ETA: 3.6 hours
[2026-01-16 00:04:06] Progress: 370,000/525,888 (70.36%) | ETA: 3.6 hours
[2026-01-16 00:05:33] Progress: 371,000/525,888 (70.55%) | ETA: 3.5 hours
[2026-01-16 00:06:59] Progress: 372,000/525,888 (70.74%) | ETA: 3.5 hours
[2026-01-16 00:08:25] Progress: 373,000/525,888 (70.93%) | ETA: 3.5 hours
[2026-01-16 00:09:51] Progress: 374,000/525,888 (71.12%) | ETA: 3.5 hours
[2026-01-16 00:11:17] Progress: 375,000/525,888 (71.31%) | ETA: 3.5 hours
[2026-01-16 00:12:44] Progress: 376,000/525,888 (71.50%) | ETA: 3.4 hours
[2026-01-16 00:14:10] Progress: 377,000/525,888 (71.69%) | ETA: 3.4 hours
[2026-01-16 00:15:36] Progress: 378,000/525,888 (71.88%) | ETA: 3.4 hours
[2026-01-16 00:17:02] Progress: 379,000/525,888 (72.07%) | ETA: 3.4 hours
[2026-01-16 00:18:29] Progress: 380,000/525,888 (72.26%) | ETA: 3.3 hours
[2026-01-16 00:19:56] Progress: 381,000/525,888 (72.45%) | ETA: 3.3 hours
[2026-01-16 00:21:24] Progress: 382,000/525,888 (72.64%) | ETA: 3.3 hours
[2026-01-16 00:22:50] Progress: 383,000/525,888 (72.83%) | ETA: 3.3 hours
[2026-01-16 00:24:15] Progress: 384,000/525,888 (73.02%) | ETA: 3.3 hours
[2026-01-16 00:25:37] Progress: 385,000/525,888 (73.21%) | ETA: 3.2 hours
[2026-01-16 00:26:59] Progress: 386,000/525,888 (73.40%) | ETA: 3.2 hours
[2026-01-16 00:28:19] Progress: 387,000/525,888 (73.59%) | ETA: 3.2 hours
[2026-01-16 00:29:39] Progress: 388,000/525,888 (73.78%) | ETA: 3.2 hours
[2026-01-16 00:30:57] Progress: 389,000/525,888 (73.97%) | ETA: 3.1 hours
[2026-01-16 00:32:15] Progress: 390,000/525,888 (74.16%) | ETA: 3.1 hours
[2026-01-16 00:33:33] Progress: 391,000/525,888 (74.35%) | ETA: 3.1 hours
[2026-01-16 00:34:51] Progress: 392,000/525,888 (74.54%) | ETA: 3.1 hours
[2026-01-16 00:36:10] Progress: 393,000/525,888 (74.73%) | ETA: 3.0 hours
[2026-01-16 00:37:27] Progress: 394,000/525,888 (74.92%) | ETA: 3.0 hours
[2026-01-16 00:38:44] Progress: 395,000/525,888 (75.11%) | ETA: 3.0 hours
[2026-01-16 00:40:01] Progress: 396,000/525,888 (75.30%) | ETA: 3.0 hours
[2026-01-16 00:41:19] Progress: 397,000/525,888 (75.49%) | ETA: 2.9 hours
[2026-01-16 00:42:36] Progress: 398,000/525,888 (75.68%) | ETA: 2.9 hours
[2026-01-16 00:43:53] Progress: 399,000/525,888 (75.87%) | ETA: 2.9 hours
[2026-01-16 00:45:11] Progress: 400,000/525,888 (76.06%) | ETA: 2.9 hours
[2026-01-16 00:46:28] Progress: 401,000/525,888 (76.25%) | ETA: 2.9 hours
[2026-01-16 00:47:45] Progress: 402,000/525,888 (76.44%) | ETA: 2.8 hours
[2026-01-16 00:49:02] Progress: 403,000/525,888 (76.63%) | ETA: 2.8 hours
[2026-01-16 00:50:20] Progress: 404,000/525,888 (76.82%) | ETA: 2.8 hours
[2026-01-16 00:51:39] Progress: 405,000/525,888 (77.01%) | ETA: 2.8 hours
[2026-01-16 00:52:56] Progress: 406,000/525,888 (77.20%) | ETA: 2.7 hours
[2026-01-16 00:54:14] Progress: 407,000/525,888 (77.39%) | ETA: 2.7 hours
[2026-01-16 00:55:31] Progress: 408,000/525,888 (77.58%) | ETA: 2.7 hours
[2026-01-16 00:56:48] Progress: 409,000/525,888 (77.77%) | ETA: 2.7 hours
